[2018-03-19 22:00:56.128] [sharedprocess] [info] main {"machineId":"2c39b8d152e0ac0804ae8ea8d5678ea0661509cfce8cc174222771333e25c106"}
[2018-03-19 22:00:56.354] [sharedprocess] [info] Scanned user extensions: 27
[2018-03-19 22:00:56.390] [sharedprocess] [info] Scanned system extensions: 65
[2018-03-19 22:00:57.188] [sharedprocess] [info] Scanned user extensions: 27
[2018-03-19 22:00:57.191] [sharedprocess] [info] Scanned user extensions: 27
[2018-03-19 22:00:57.217] [sharedprocess] [info] Scanned system extensions: 65
[2018-03-19 22:00:58.793] [sharedprocess] [info] Installing extension: php-intellisense
[2018-03-19 22:00:58.800] [sharedprocess] [info] Installing extension: code-runner
[2018-03-19 22:00:58.801] [sharedprocess] [info] Installing extension: java
[2018-03-19 22:01:00.129] [sharedprocess] [info] Scanned user extensions: 27
[2018-03-19 22:01:00.139] [sharedprocess] [info] Downloaded extension: code-runner
[2018-03-19 22:01:00.305] [sharedprocess] [info] Extracted extension to /home/baka/.vscode/extensions/formulahendry.code-runner-0.9.3: formulahendry.code-runner-0.9.3
[2018-03-19 22:01:00.317] [sharedprocess] [info] Updated metadata of the extension: formulahendry.code-runner-0.9.3
[2018-03-19 22:01:00.317] [sharedprocess] [info] Extensions installed successfully: formulahendry.code-runner
[2018-03-19 22:01:00.474] [sharedprocess] [info] Scanned user extensions: 27
[2018-03-19 22:01:00.482] [sharedprocess] [info] Scanned system extensions: 65
[2018-03-19 22:01:01.790] [sharedprocess] [info] Downloaded extension: php-intellisense
[2018-03-19 22:01:02.719] [sharedprocess] [info] Extracted extension to /home/baka/.vscode/extensions/felixfbecker.php-intellisense-2.3.0: felixfbecker.php-intellisense-2.3.0
[2018-03-19 22:01:02.738] [sharedprocess] [info] Updated metadata of the extension: felixfbecker.php-intellisense-2.3.0
[2018-03-19 22:01:02.738] [sharedprocess] [info] Extensions installed successfully: felixfbecker.php-intellisense
[2018-03-19 22:01:02.912] [sharedprocess] [info] Scanned user extensions: 27
[2018-03-19 22:01:02.920] [sharedprocess] [info] Scanned system extensions: 65
