[Running] /usr/bin/bash "/nfs/cloud/server/ext_backup.sh"

[Done] exited with code=0 in 0.008 seconds

[Running] /usr/bin/bash "/nfs/cloud/server/ext_backup.sh"
INTERNAL_BACKUP_DEVICE_LABEL

[Done] exited with code=0 in 0.008 seconds

[Running] /usr/bin/bash "/nfs/cloud/server/ext_backup.sh"
intern_backup

[Done] exited with code=0 in 0.007 seconds

[Running] /usr/bin/bash "/nfs/cloud/server/ext_backup.sh"
intern_backup + extern_backup

[Done] exited with code=0 in 0.024 seconds

[Running] /usr/bin/bash "/nfs/cloud/server/ext_backup.sh"
intern_backupextern_backup

[Done] exited with code=0 in 0.035 seconds

[Running] /usr/bin/bash "/nfs/cloud/server/ext_backup.sh"
/nfs/cloud/server/ext_backup.sh: Zeile 14: [[lsblk: Kommando nicht gefunden.
LOL

[Done] exited with code=0 in 0.009 seconds

[Running] /usr/bin/bash "/nfs/cloud/server/ext_backup.sh"
/nfs/cloud/server/ext_backup.sh: Zeile 14: conditional binary operator expected
/nfs/cloud/server/ext_backup.sh: Zeile 14: Syntaxfehler beim unerwarteten Wort `-f'
/nfs/cloud/server/ext_backup.sh: Zeile 14: `if [[ lsblk -f | grep $EXTERNAL_BACKUP_DEVICE_LABEL]]; then'

[Done] exited with code=2 in 0.025 seconds

[Running] /usr/bin/bash "/nfs/cloud/server/ext_backup.sh"
/nfs/cloud/server/ext_backup.sh: Zeile 14: Syntaxfehler im bedingen Ausdruck.
/nfs/cloud/server/ext_backup.sh: Zeile 14: Syntaxfehler beim unerwarteten Wort `-f'
/nfs/cloud/server/ext_backup.sh: Zeile 14: `if [[ -f lsblk -f | grep $EXTERNAL_BACKUP_DEVICE_LABEL]]; then'

[Done] exited with code=2 in 0.012 seconds

[Running] /usr/bin/bash "/nfs/cloud/server/ext_backup.sh"
/nfs/cloud/server/ext_backup.sh: Zeile 14: [: Fehlende `]'
grep: ]: Datei oder Verzeichnis nicht gefunden
LOL

[Done] exited with code=0 in 0.014 seconds

[Running] /usr/bin/bash "/nfs/cloud/server/ext_backup.sh"
LOL

[Done] exited with code=0 in 0.017 seconds

[Running] /usr/bin/bash "/nfs/cloud/server/ext_backup.sh"
├─sdd1 ext4   nfs       c8487b3b-1b68-4ce7-82fb-d3738a32a1a0 /nfs
LOL

[Done] exited with code=0 in 0.011 seconds

[Running] /usr/bin/bash "/nfs/cloud/server/ext_backup.sh"
├─sdd1 ext4   nfs       c8487b3b-1b68-4ce7-82fb-d3738a32a1a0 /nfs

LOL

[Done] exited with code=0 in 0.041 seconds

[Running] /usr/bin/bash "/nfs/cloud/server/ext_backup.sh"
├─sdd1 ext4   nfs       c8487b3b-1b68-4ce7-82fb-d3738a32a1a0 /nfs
MEH

[Done] exited with code=0 in 0.037 seconds

[Running] /usr/bin/bash "/nfs/cloud/server/ext_backup.sh"
├─sdd1 ext4   nfs       c8487b3b-1b68-4ce7-82fb-d3738a32a1a0 /nfs
LOL

[Done] exited with code=0 in 0.032 seconds

[Running] /usr/bin/bash "/nfs/cloud/server/ext_backup.sh"

[Done] exited with code=0 in 0.013 seconds

[Running] /usr/bin/bash "/nfs/cloud/server/ext_backup.sh"
/nfs/cloud/server/ext_backup.sh: Zeile 18: Syntaxfehler beim unerwarteten Wort `fi'
/nfs/cloud/server/ext_backup.sh: Zeile 18: `fi'

[Done] exited with code=2 in 0.01 seconds

[Running] /usr/bin/bash "/nfs/cloud/server/ext_backup.sh"
NOT FOUND
/nfs/cloud/server/ext_backup.sh: Zeile 25: Syntaxfehler beim unerwarteten Wort `fi'
/nfs/cloud/server/ext_backup.sh: Zeile 25: `fi'

[Done] exited with code=2 in 0.032 seconds

[Running] /usr/bin/bash "/nfs/cloud/server/ext_backup.sh"
NOT FOUND
stat: der Aufruf von stat für '/var/lock/srv_backup' ist nicht möglich: Datei oder Verzeichnis nicht gefunden
touch: '/var/lock/srv_backup' kann nicht berührt werden: Keine Berechtigung
mount: nur „root“ kann dies tun

[Done] exited with code=0 in 0.065 seconds

[Running] /usr/bin/bash "/nfs/cloud/server/ext_backup.sh"
NOT FOUND
stat: der Aufruf von stat für '/var/lock/srv_backup' ist nicht möglich: Datei oder Verzeichnis nicht gefunden
touch: '/var/lock/srv_backup' kann nicht berührt werden: Keine Berechtigung
mount: nur „root“ kann dies tun
0

[Done] exited with code=0 in 0.023 seconds

[Running] /usr/bin/bash "/nfs/cloud/server/ext_backup.sh"
NOT FOUND
stat: der Aufruf von stat für '/var/lock/srv_backup' ist nicht möglich: Datei oder Verzeichnis nicht gefunden
touch: '/var/lock/srv_backup' kann nicht berührt werden: Keine Berechtigung
mount: nur „root“ kann dies tun
0
mount: nur „root“ kann dies tun
0

[Done] exited with code=0 in 0.023 seconds

[Running] /usr/bin/bash "/nfs/cloud/server/ext_backup.sh"
/nfs/cloud/server/ext_backup.sh: Zeile 31: Syntaxfehler beim unerwarteten Wort `fi'
/nfs/cloud/server/ext_backup.sh: Zeile 31: `fi'

[Done] exited with code=2 in 0.026 seconds

[Running] /usr/bin/bash "/nfs/cloud/server/ext_backup.sh"
##### MESSAGE ######
No external backup device found! Exiting!
####################
stat: der Aufruf von stat für '/var/lock/srv_backup' ist nicht möglich: Datei oder Verzeichnis nicht gefunden
##### MESSAGE ######
Lock not found. Creating one.
####################
touch: '/var/lock/srv_backup' kann nicht berührt werden: Keine Berechtigung
mount: nur „root“ kann dies tun
##### MESSAGE ######
0
####################
rm: das Entfernen von '/var/lock/srv_backup' ist nicht möglich: Datei oder Verzeichnis nicht gefunden
mount: nur „root“ kann dies tun
##### MESSAGE ######
0
####################
rm: das Entfernen von '/var/lock/srv_backup' ist nicht möglich: Datei oder Verzeichnis nicht gefunden
Deleting /extern_backup/borg_bak.bak
Moving /extern_backup/borg_bak to /extern_backup/borg_bak.bak
mv: der Aufruf von stat für '/extern_backup/borg_bak' ist nicht möglich: Datei oder Verzeichnis nicht gefunden
rsync  version 3.1.3  protocol version 31
Copyright (C) 1996-2018 by Andrew Tridgell, Wayne Davison, and others.
Web site: http://rsync.samba.org/
Capabilities:
    64-bit files, 64-bit inums, 64-bit timestamps, 64-bit long ints,
    socketpairs, hardlinks, symlinks, IPv6, batchfiles, inplace,
    append, ACLs, xattrs, iconv, symtimes, prealloc

rsync comes with ABSOLUTELY NO WARRANTY.  This is free software, and you
are welcome to redistribute it under certain conditions.  See the GNU
General Public Licence for details.

rsync is a file transfer program capable of efficient remote update
via a fast differencing algorithm.

Usage: rsync [OPTION]... SRC [SRC]... DEST
  or   rsync [OPTION]... SRC [SRC]... [USER@]HOST:DEST
  or   rsync [OPTION]... SRC [SRC]... [USER@]HOST::DEST
  or   rsync [OPTION]... SRC [SRC]... rsync://[USER@]HOST[:PORT]/DEST
  or   rsync [OPTION]... [USER@]HOST:SRC [DEST]
  or   rsync [OPTION]... [USER@]HOST::SRC [DEST]
  or   rsync [OPTION]... rsync://[USER@]HOST[:PORT]/SRC [DEST]
The ':' usages connect via remote shell, while '::' & 'rsync://' usages connect
to an rsync daemon, and require SRC or DEST to start with a module name.

Options
 -v, --verbose               increase verbosity
     --info=FLAGS            fine-grained informational verbosity
     --debug=FLAGS           fine-grained debug verbosity
     --msgs2stderr           special output handling for debugging
 -q, --quiet                 suppress non-error messages
     --no-motd               suppress daemon-mode MOTD (see manpage caveat)
 -c, --checksum              skip based on checksum, not mod-time & size
 -a, --archive               archive mode; equals -rlptgoD (no -H,-A,-X)
     --no-OPTION             turn off an implied OPTION (e.g. --no-D)
 -r, --recursive             recurse into directories
 -R, --relative              use relative path names
     --no-implied-dirs       don't send implied dirs with --relative
 -b, --backup                make backups (see --suffix & --backup-dir)
     --backup-dir=DIR        make backups into hierarchy based in DIR
     --suffix=SUFFIX         set backup suffix (default ~ w/o --backup-dir)
 -u, --update                skip files that are newer on the receiver
     --inplace               update destination files in-place (SEE MAN PAGE)
     --append                append data onto shorter files
     --append-verify         like --append, but with old data in file checksum
 -d, --dirs                  transfer directories without recursing
 -l, --links                 copy symlinks as symlinks
 -L, --copy-links            transform symlink into referent file/dir
     --copy-unsafe-links     only "unsafe" symlinks are transformed
     --safe-links            ignore symlinks that point outside the source tree
     --munge-links           munge symlinks to make them safer (but unusable)
 -k, --copy-dirlinks         transform symlink to a dir into referent dir
 -K, --keep-dirlinks         treat symlinked dir on receiver as dir
 -H, --hard-links            preserve hard links
 -p, --perms                 preserve permissions
 -E, --executability         preserve the file's executability
     --chmod=CHMOD           affect file and/or directory permissions
 -A, --acls                  preserve ACLs (implies --perms)
 -X, --xattrs                preserve extended attributes
 -o, --owner                 preserve owner (super-user only)
 -g, --group                 preserve group
     --devices               preserve device files (super-user only)
     --specials              preserve special files
 -D                          same as --devices --specials
 -t, --times                 preserve modification times
 -O, --omit-dir-times        omit directories from --times
 -J, --omit-link-times       omit symlinks from --times
     --super                 receiver attempts super-user activities
     --fake-super            store/recover privileged attrs using xattrs
 -S, --sparse                turn sequences of nulls into sparse blocks
     --preallocate           allocate dest files before writing them
 -n, --dry-run               perform a trial run with no changes made
 -W, --whole-file            copy files whole (without delta-xfer algorithm)
     --checksum-choice=STR   choose the checksum algorithms
 -x, --one-file-system       don't cross filesystem boundaries
 -B, --block-size=SIZE       force a fixed checksum block-size
 -e, --rsh=COMMAND           specify the remote shell to use
     --rsync-path=PROGRAM    specify the rsync to run on the remote machine
     --existing              skip creating new files on receiver
     --ignore-existing       skip updating files that already exist on receiver
     --remove-source-files   sender removes synchronized files (non-dirs)
     --del                   an alias for --delete-during
     --delete                delete extraneous files from destination dirs
     --delete-before         receiver deletes before transfer, not during
     --delete-during         receiver deletes during the transfer
     --delete-delay          find deletions during, delete after
     --delete-after          receiver deletes after transfer, not during
     --delete-excluded       also delete excluded files from destination dirs
     --ignore-missing-args   ignore missing source args without error
     --delete-missing-args   delete missing source args from destination
     --ignore-errors         delete even if there are I/O errors
     --force                 force deletion of directories even if not empty
     --max-delete=NUM        don't delete more than NUM files
     --max-size=SIZE         don't transfer any file larger than SIZE
     --min-size=SIZE         don't transfer any file smaller than SIZE
     --partial               keep partially transferred files
     --partial-dir=DIR       put a partially transferred file into DIR
     --delay-updates         put all updated files into place at transfer's end
 -m, --prune-empty-dirs      prune empty directory chains from the file-list
     --numeric-ids           don't map uid/gid values by user/group name
     --usermap=STRING        custom username mapping
     --groupmap=STRING       custom groupname mapping
     --chown=USER:GROUP      simple username/groupname mapping
     --timeout=SECONDS       set I/O timeout in seconds
     --contimeout=SECONDS    set daemon connection timeout in seconds
 -I, --ignore-times          don't skip files that match in size and mod-time
 -M, --remote-option=OPTION  send OPTION to the remote side only
     --size-only             skip files that match in size
 -@, --modify-window=NUM     set the accuracy for mod-time comparisons
 -T, --temp-dir=DIR          create temporary files in directory DIR
 -y, --fuzzy                 find similar file for basis if no dest file
     --compare-dest=DIR      also compare destination files relative to DIR
     --copy-dest=DIR         ... and include copies of unchanged files
     --link-dest=DIR         hardlink to files in DIR when unchanged
 -z, --compress              compress file data during the transfer
     --compress-level=NUM    explicitly set compression level
     --skip-compress=LIST    skip compressing files with a suffix in LIST
 -C, --cvs-exclude           auto-ignore files the same way CVS does
 -f, --filter=RULE           add a file-filtering RULE
 -F                          same as --filter='dir-merge /.rsync-filter'
                             repeated: --filter='- .rsync-filter'
     --exclude=PATTERN       exclude files matching PATTERN
     --exclude-from=FILE     read exclude patterns from FILE
     --include=PATTERN       don't exclude files matching PATTERN
     --include-from=FILE     read include patterns from FILE
     --files-from=FILE       read list of source-file names from FILE
 -0, --from0                 all *-from/filter files are delimited by 0s
 -s, --protect-args          no space-splitting; only wildcard special-chars
     --address=ADDRESS       bind address for outgoing socket to daemon
     --port=PORT             specify double-colon alternate port number
     --sockopts=OPTIONS      specify custom TCP options
     --blocking-io           use blocking I/O for the remote shell
     --stats                 give some file-transfer stats
 -8, --8-bit-output          leave high-bit chars unescaped in output
 -h, --human-readable        output numbers in a human-readable format
     --progress              show progress during transfer
 -P                          same as --partial --progress
 -i, --itemize-changes       output a change-summary for all updates
     --out-format=FORMAT     output updates using the specified FORMAT
     --log-file=FILE         log what we're doing to the specified FILE
     --log-file-format=FMT   log updates using the specified FMT
     --password-file=FILE    read daemon-access password from FILE
     --list-only             list the files instead of copying them
     --bwlimit=RATE          limit socket I/O bandwidth
     --outbuf=N|L|B          set output buffering to None, Line, or Block
     --write-batch=FILE      write a batched update to FILE
     --only-write-batch=FILE like --write-batch but w/o updating destination
     --read-batch=FILE       read a batched update from FILE
     --protocol=NUM          force an older protocol version to be used
     --iconv=CONVERT_SPEC    request charset conversion of filenames
     --checksum-seed=NUM     set block/file checksum seed (advanced)
 -4, --ipv4                  prefer IPv4
 -6, --ipv6                  prefer IPv6
     --version               print version number
(-h) --help                  show this help (-h is --help only if used alone)

Use "rsync --daemon --help" to see the daemon-mode command-line options.
Please see the rsync(1) and rsyncd.conf(5) man pages for full documentation.
See http://rsync.samba.org/ for updates, bug reports, and answers
rsync error: syntax or usage error (code 1) at main.c(1562) [client=3.1.3]

[Done] exited with code=1 in 0.037 seconds

[Running] /usr/bin/bash "/nfs/cloud/server/ext_backup.sh"
##### MESSAGE ######
No external backup device found! Exiting!
####################
stat: der Aufruf von stat für '/var/lock/srv_backup' ist nicht möglich: Datei oder Verzeichnis nicht gefunden
##### MESSAGE ######
Lock not found. Creating one.
####################
touch: '/var/lock/srv_backup' kann nicht berührt werden: Keine Berechtigung
mount: nur „root“ kann dies tun
##### MESSAGE ######
0
####################
rm: das Entfernen von '/var/lock/srv_backup' ist nicht möglich: Datei oder Verzeichnis nicht gefunden
mount: nur „root“ kann dies tun
##### MESSAGE ######
0
####################
rm: das Entfernen von '/var/lock/srv_backup' ist nicht möglich: Datei oder Verzeichnis nicht gefunden
Deleting /extern_backup/borg_bak.bak
Moving /extern_backup/borg_bak to /extern_backup/borg_bak.bak
mv: der Aufruf von stat für '/extern_backup/borg_bak' ist nicht möglich: Datei oder Verzeichnis nicht gefunden
rsync  version 3.1.3  protocol version 31
Copyright (C) 1996-2018 by Andrew Tridgell, Wayne Davison, and others.
Web site: http://rsync.samba.org/
Capabilities:
    64-bit files, 64-bit inums, 64-bit timestamps, 64-bit long ints,
    socketpairs, hardlinks, symlinks, IPv6, batchfiles, inplace,
    append, ACLs, xattrs, iconv, symtimes, prealloc

rsync comes with ABSOLUTELY NO WARRANTY.  This is free software, and you
are welcome to redistribute it under certain conditions.  See the GNU
General Public Licence for details.

rsync is a file transfer program capable of efficient remote update
via a fast differencing algorithm.

Usage: rsync [OPTION]... SRC [SRC]... DEST
  or   rsync [OPTION]... SRC [SRC]... [USER@]HOST:DEST
  or   rsync [OPTION]... SRC [SRC]... [USER@]HOST::DEST
  or   rsync [OPTION]... SRC [SRC]... rsync://[USER@]HOST[:PORT]/DEST
  or   rsync [OPTION]... [USER@]HOST:SRC [DEST]
  or   rsync [OPTION]... [USER@]HOST::SRC [DEST]
  or   rsync [OPTION]... rsync://[USER@]HOST[:PORT]/SRC [DEST]
The ':' usages connect via remote shell, while '::' & 'rsync://' usages connect
to an rsync daemon, and require SRC or DEST to start with a module name.

Options
 -v, --verbose               increase verbosity
     --info=FLAGS            fine-grained informational verbosity
     --debug=FLAGS           fine-grained debug verbosity
     --msgs2stderr           special output handling for debugging
 -q, --quiet                 suppress non-error messages
     --no-motd               suppress daemon-mode MOTD (see manpage caveat)
 -c, --checksum              skip based on checksum, not mod-time & size
 -a, --archive               archive mode; equals -rlptgoD (no -H,-A,-X)
     --no-OPTION             turn off an implied OPTION (e.g. --no-D)
 -r, --recursive             recurse into directories
 -R, --relative              use relative path names
     --no-implied-dirs       don't send implied dirs with --relative
 -b, --backup                make backups (see --suffix & --backup-dir)
     --backup-dir=DIR        make backups into hierarchy based in DIR
     --suffix=SUFFIX         set backup suffix (default ~ w/o --backup-dir)
 -u, --update                skip files that are newer on the receiver
     --inplace               update destination files in-place (SEE MAN PAGE)
     --append                append data onto shorter files
     --append-verify         like --append, but with old data in file checksum
 -d, --dirs                  transfer directories without recursing
 -l, --links                 copy symlinks as symlinks
 -L, --copy-links            transform symlink into referent file/dir
     --copy-unsafe-links     only "unsafe" symlinks are transformed
     --safe-links            ignore symlinks that point outside the source tree
     --munge-links           munge symlinks to make them safer (but unusable)
 -k, --copy-dirlinks         transform symlink to a dir into referent dir
 -K, --keep-dirlinks         treat symlinked dir on receiver as dir
 -H, --hard-links            preserve hard links
 -p, --perms                 preserve permissions
 -E, --executability         preserve the file's executability
     --chmod=CHMOD           affect file and/or directory permissions
 -A, --acls                  preserve ACLs (implies --perms)
 -X, --xattrs                preserve extended attributes
 -o, --owner                 preserve owner (super-user only)
 -g, --group                 preserve group
     --devices               preserve device files (super-user only)
     --specials              preserve special files
 -D                          same as --devices --specials
 -t, --times                 preserve modification times
 -O, --omit-dir-times        omit directories from --times
 -J, --omit-link-times       omit symlinks from --times
     --super                 receiver attempts super-user activities
     --fake-super            store/recover privileged attrs using xattrs
 -S, --sparse                turn sequences of nulls into sparse blocks
     --preallocate           allocate dest files before writing them
 -n, --dry-run               perform a trial run with no changes made
 -W, --whole-file            copy files whole (without delta-xfer algorithm)
     --checksum-choice=STR   choose the checksum algorithms
 -x, --one-file-system       don't cross filesystem boundaries
 -B, --block-size=SIZE       force a fixed checksum block-size
 -e, --rsh=COMMAND           specify the remote shell to use
     --rsync-path=PROGRAM    specify the rsync to run on the remote machine
     --existing              skip creating new files on receiver
     --ignore-existing       skip updating files that already exist on receiver
     --remove-source-files   sender removes synchronized files (non-dirs)
     --del                   an alias for --delete-during
     --delete                delete extraneous files from destination dirs
     --delete-before         receiver deletes before transfer, not during
     --delete-during         receiver deletes during the transfer
     --delete-delay          find deletions during, delete after
     --delete-after          receiver deletes after transfer, not during
     --delete-excluded       also delete excluded files from destination dirs
     --ignore-missing-args   ignore missing source args without error
     --delete-missing-args   delete missing source args from destination
     --ignore-errors         delete even if there are I/O errors
     --force                 force deletion of directories even if not empty
     --max-delete=NUM        don't delete more than NUM files
     --max-size=SIZE         don't transfer any file larger than SIZE
     --min-size=SIZE         don't transfer any file smaller than SIZE
     --partial               keep partially transferred files
     --partial-dir=DIR       put a partially transferred file into DIR
     --delay-updates         put all updated files into place at transfer's end
 -m, --prune-empty-dirs      prune empty directory chains from the file-list
     --numeric-ids           don't map uid/gid values by user/group name
     --usermap=STRING        custom username mapping
     --groupmap=STRING       custom groupname mapping
     --chown=USER:GROUP      simple username/groupname mapping
     --timeout=SECONDS       set I/O timeout in seconds
     --contimeout=SECONDS    set daemon connection timeout in seconds
 -I, --ignore-times          don't skip files that match in size and mod-time
 -M, --remote-option=OPTION  send OPTION to the remote side only
     --size-only             skip files that match in size
 -@, --modify-window=NUM     set the accuracy for mod-time comparisons
 -T, --temp-dir=DIR          create temporary files in directory DIR
 -y, --fuzzy                 find similar file for basis if no dest file
     --compare-dest=DIR      also compare destination files relative to DIR
     --copy-dest=DIR         ... and include copies of unchanged files
     --link-dest=DIR         hardlink to files in DIR when unchanged
 -z, --compress              compress file data during the transfer
     --compress-level=NUM    explicitly set compression level
     --skip-compress=LIST    skip compressing files with a suffix in LIST
 -C, --cvs-exclude           auto-ignore files the same way CVS does
 -f, --filter=RULE           add a file-filtering RULE
 -F                          same as --filter='dir-merge /.rsync-filter'
                             repeated: --filter='- .rsync-filter'
     --exclude=PATTERN       exclude files matching PATTERN
     --exclude-from=FILE     read exclude patterns from FILE
     --include=PATTERN       don't exclude files matching PATTERN
     --include-from=FILE     read include patterns from FILE
     --files-from=FILE       read list of source-file names from FILE
 -0, --from0                 all *-from/filter files are delimited by 0s
 -s, --protect-args          no space-splitting; only wildcard special-chars
     --address=ADDRESS       bind address for outgoing socket to daemon
     --port=PORT             specify double-colon alternate port number
     --sockopts=OPTIONS      specify custom TCP options
     --blocking-io           use blocking I/O for the remote shell
     --stats                 give some file-transfer stats
 -8, --8-bit-output          leave high-bit chars unescaped in output
 -h, --human-readable        output numbers in a human-readable format
     --progress              show progress during transfer
 -P                          same as --partial --progress
 -i, --itemize-changes       output a change-summary for all updates
     --out-format=FORMAT     output updates using the specified FORMAT
     --log-file=FILE         log what we're doing to the specified FILE
     --log-file-format=FMT   log updates using the specified FMT
     --password-file=FILE    read daemon-access password from FILE
     --list-only             list the files instead of copying them
     --bwlimit=RATE          limit socket I/O bandwidth
     --outbuf=N|L|B          set output buffering to None, Line, or Block
     --write-batch=FILE      write a batched update to FILE
     --only-write-batch=FILE like --write-batch but w/o updating destination
     --read-batch=FILE       read a batched update from FILE
     --protocol=NUM          force an older protocol version to be used
     --iconv=CONVERT_SPEC    request charset conversion of filenames
     --checksum-seed=NUM     set block/file checksum seed (advanced)
 -4, --ipv4                  prefer IPv4
 -6, --ipv6                  prefer IPv6
     --version               print version number
(-h) --help                  show this help (-h is --help only if used alone)

Use "rsync --daemon --help" to see the daemon-mode command-line options.
Please see the rsync(1) and rsyncd.conf(5) man pages for full documentation.
See http://rsync.samba.org/ for updates, bug reports, and answers
rsync error: syntax or usage error (code 1) at main.c(1562) [client=3.1.3]

[Done] exited with code=1 in 0.032 seconds

[Running] /usr/bin/bash "/nfs/cloud/server/ext_backup.sh"
\n##### MESSAGE ######
No external backup device found! Exiting!
####################\n
stat: der Aufruf von stat für '/var/lock/srv_backup' ist nicht möglich: Datei oder Verzeichnis nicht gefunden
\n##### MESSAGE ######
Lock not found. Creating one.
####################\n
touch: '/var/lock/srv_backup' kann nicht berührt werden: Keine Berechtigung
mount: nur „root“ kann dies tun
\n##### MESSAGE ######
0
####################\n
rm: das Entfernen von '/var/lock/srv_backup' ist nicht möglich: Datei oder Verzeichnis nicht gefunden
mount: nur „root“ kann dies tun
\n##### MESSAGE ######
0
####################\n
rm: das Entfernen von '/var/lock/srv_backup' ist nicht möglich: Datei oder Verzeichnis nicht gefunden
Deleting /extern_backup/borg_bak.bak
Moving /extern_backup/borg_bak to /extern_backup/borg_bak.bak
mv: der Aufruf von stat für '/extern_backup/borg_bak' ist nicht möglich: Datei oder Verzeichnis nicht gefunden

[Done] exited with code=1 in 0.044 seconds

[Running] /usr/bin/bash "/nfs/cloud/server/ext_backup.sh"
\n##### MESSAGE ######
No external backup device found! Exiting!
####################\n
stat: der Aufruf von stat für '/var/lock/srv_backup' ist nicht möglich: Datei oder Verzeichnis nicht gefunden
\n##### MESSAGE ######
Lock not found. Creating one.
####################\n
touch: '/var/lock/srv_backup' kann nicht berührt werden: Keine Berechtigung
mount: nur „root“ kann dies tun
\n##### MESSAGE ######
0
####################\n
rm: das Entfernen von '/var/lock/srv_backup' ist nicht möglich: Datei oder Verzeichnis nicht gefunden
mount: nur „root“ kann dies tun
\n##### MESSAGE ######
0
####################\n
rm: das Entfernen von '/var/lock/srv_backup' ist nicht möglich: Datei oder Verzeichnis nicht gefunden
Deleting /extern_backup/borg_bak.bak
Moving /extern_backup/borg_bak to /extern_backup/borg_bak.bak
mv: der Aufruf von stat für '/extern_backup/borg_bak' ist nicht möglich: Datei oder Verzeichnis nicht gefunden

[Done] exited with code=1 in 0.029 seconds

[Running] /usr/bin/bash "/nfs/cloud/server/ext_backup.sh"

##### MESSAGE ######
No external backup device found! Exiting!
####################

stat: der Aufruf von stat für '/var/lock/srv_backup' ist nicht möglich: Datei oder Verzeichnis nicht gefunden

##### MESSAGE ######
Lock not found. Creating one.
####################

touch: '/var/lock/srv_backup' kann nicht berührt werden: Keine Berechtigung
mount: nur „root“ kann dies tun

##### MESSAGE ######
0
####################

rm: das Entfernen von '/var/lock/srv_backup' ist nicht möglich: Datei oder Verzeichnis nicht gefunden
mount: nur „root“ kann dies tun

##### MESSAGE ######
0
####################

rm: das Entfernen von '/var/lock/srv_backup' ist nicht möglich: Datei oder Verzeichnis nicht gefunden
Deleting /extern_backup/borg_bak.bak
Moving /extern_backup/borg_bak to /extern_backup/borg_bak.bak
mv: der Aufruf von stat für '/extern_backup/borg_bak' ist nicht möglich: Datei oder Verzeichnis nicht gefunden

[Done] exited with code=1 in 0.031 seconds

