##########Linting Output - pep8##########
/usr/lib/python3.6/site-packages/pep8.py:2124: UserWarning: 

pep8 has been renamed to pycodestyle (GitHub issue #466)
Use of the pep8 tool will be removed in a future release.
Please install and use `pycodestyle` instead.

$ pip install pycodestyle
$ pycodestyle ...

  '\n\n'
3,80,E,E501:line too long (94 > 79 characters)
28,80,E,E501:line too long (95 > 79 characters)
45,62,W,W292:no newline at end of file
##########Linting Output - pep8##########
/usr/lib/python3.6/site-packages/pep8.py:2124: UserWarning: 

pep8 has been renamed to pycodestyle (GitHub issue #466)
Use of the pep8 tool will be removed in a future release.
Please install and use `pycodestyle` instead.

$ pip install pycodestyle
$ pycodestyle ...

  '\n\n'
3,80,E,E501:line too long (94 > 79 characters)
28,80,E,E501:line too long (95 > 79 characters)
45,62,W,W292:no newline at end of file
##########Linting Output - pep8##########
/usr/lib/python3.6/site-packages/pep8.py:2124: UserWarning: 

pep8 has been renamed to pycodestyle (GitHub issue #466)
Use of the pep8 tool will be removed in a future release.
Please install and use `pycodestyle` instead.

$ pip install pycodestyle
$ pycodestyle ...

  '\n\n'
47,1,E,E402:module level import not at top of file
48,1,E,E402:module level import not at top of file
49,1,E,E402:module level import not at top of file
50,1,E,E402:module level import not at top of file
51,1,E,E402:module level import not at top of file
52,1,E,E402:module level import not at top of file
53,1,E,E402:module level import not at top of file
54,1,E,E402:module level import not at top of file
57,1,E,E302:expected 2 blank lines, found 1
57,33,E,E701:multiple statements on one line (colon)
129,5,E,E301:expected 1 blank line, found 0
161,12,E,E114:indentation is not a multiple of four (comment)
161,12,E,E116:unexpected indentation (comment)
162,12,E,E114:indentation is not a multiple of four (comment)
162,12,E,E116:unexpected indentation (comment)
198,80,E,E501:line too long (80 > 79 characters)
199,80,E,E501:line too long (80 > 79 characters)
203,1,E,E302:expected 2 blank lines, found 1
333,80,E,E501:line too long (80 > 79 characters)
376,80,E,E501:line too long (80 > 79 characters)
381,80,E,E501:line too long (80 > 79 characters)
517,80,E,E501:line too long (84 > 79 characters)
526,1,E,E302:expected 2 blank lines, found 1
689,80,E,E501:line too long (81 > 79 characters)
690,29,E,E128:continuation line under-indented for visual indent
696,29,E,E128:continuation line under-indented for visual indent
701,29,E,E128:continuation line under-indented for visual indent
824,13,E,E129:visually indented line with same indent as next logical line
852,5,E,E303:too many blank lines (2)
858,5,E,E303:too many blank lines (2)
866,5,E,E303:too many blank lines (2)
874,5,E,E303:too many blank lines (2)
950,9,E,E303:too many blank lines (2)
959,9,E,E303:too many blank lines (2)
986,43,E,E211:whitespace before '('
991,42,E,E128:continuation line under-indented for visual indent
992,42,E,E128:continuation line under-indented for visual indent
993,42,E,E128:continuation line under-indented for visual indent
996,80,E,E501:line too long (85 > 79 characters)
1024,17,E,E128:continuation line under-indented for visual indent
1025,17,E,E128:continuation line under-indented for visual indent
1026,17,E,E128:continuation line under-indented for visual indent
1040,9,E,E303:too many blank lines (2)
1055,53,E,E128:continuation line under-indented for visual indent
1062,9,E,E303:too many blank lines (2)
1067,9,E,E303:too many blank lines (2)
1073,25,E,E127:continuation line over-indented for visual indent
1080,25,E,E127:continuation line over-indented for visual indent
1193,22,E,E261:at least two spaces before inline comment
1208,9,E,E303:too many blank lines (2)
1254,80,E,E501:line too long (85 > 79 characters)
1344,80,E,E501:line too long (80 > 79 characters)
1348,9,E,E303:too many blank lines (2)
1349,17,E,E128:continuation line under-indented for visual indent
1350,17,E,E128:continuation line under-indented for visual indent
1351,17,E,E128:continuation line under-indented for visual indent
1366,9,E,E303:too many blank lines (2)
1367,17,E,E128:continuation line under-indented for visual indent
1401,9,E,E303:too many blank lines (2)
1414,9,E,E303:too many blank lines (2)
1434,31,E,E261:at least two spaces before inline comment
1466,9,E,E303:too many blank lines (2)
1522,66,E,E203:whitespace before ':'
1563,9,E,E303:too many blank lines (2)
1571,21,E,E125:continuation line with same indent as next logical line
1576,9,E,E303:too many blank lines (2)
##########Linting Output - pep8##########
/usr/lib/python3.6/site-packages/pep8.py:2124: UserWarning: 

pep8 has been renamed to pycodestyle (GitHub issue #466)
Use of the pep8 tool will be removed in a future release.
Please install and use `pycodestyle` instead.

$ pip install pycodestyle
$ pycodestyle ...

  '\n\n'
##########Linting Output - pep8##########
/usr/lib/python3.6/site-packages/pep8.py:2124: UserWarning: 

pep8 has been renamed to pycodestyle (GitHub issue #466)
Use of the pep8 tool will be removed in a future release.
Please install and use `pycodestyle` instead.

$ pip install pycodestyle
$ pycodestyle ...

  '\n\n'
7,80,E,E501:line too long (87 > 79 characters)
8,80,E,E501:line too long (123 > 79 characters)
10,80,E,E501:line too long (85 > 79 characters)
22,80,E,E501:line too long (116 > 79 characters)
25,80,E,E501:line too long (97 > 79 characters)
27,3,E,E111:indentation is not a multiple of four
27,80,E,E501:line too long (123 > 79 characters)
28,3,E,E111:indentation is not a multiple of four
29,3,E,E111:indentation is not a multiple of four
30,3,E,E111:indentation is not a multiple of four
33,7,E,E111:indentation is not a multiple of four
34,7,E,E111:indentation is not a multiple of four
34,70,E,E203:whitespace before ','
34,80,E,E501:line too long (120 > 79 characters)
35,7,E,E111:indentation is not a multiple of four
36,7,E,E111:indentation is not a multiple of four
36,80,E,E501:line too long (109 > 79 characters)
37,7,E,E111:indentation is not a multiple of four
40,11,E,E111:indentation is not a multiple of four
