Initializing document watcher...
Rebuilding config map...
/nfs/cloud/server/ext_backup.py: Using EditorConfig core...
/nfs/cloud/server/ext_backup.sh: Using EditorConfig core...
Detected change in configuration: {}
/nfs/cloud/server/ext_backup.sh: No configuration.
/nfs/cloud/server/ext_backup.sh: {}
/nfs/cloud/server/ext_backup.sh: Applying configuration map...
/nfs/cloud/server/ext_backup.sh: {}
/nfs/cloud/server/ext_backup.sh: Applying configuration map...
/nfs/cloud/server/ext_backup.sh: {}
/nfs/cloud/server/ext_backup.py: Applying configuration map...
/nfs/cloud/server/ext_backup.py: {}
/nfs/repos/ccm_ng/ccm.sh: Using EditorConfig core...
/nfs/repos/ccm_ng/ccm.sh: {}
/nfs/cloud/server/ext_backup.sh: Applying configuration map...
/nfs/cloud/server/ext_backup.sh: {}
/nfs/cloud/server/ext_backup.py: Applying configuration map...
/nfs/cloud/server/ext_backup.py: {}
/nfs/cloud/server/ext_backup.sh: Applying configuration map...
/nfs/cloud/server/ext_backup.sh: {}
/nfs/repos/ccm_ng/ccm.sh: Applying configuration map...
/nfs/repos/ccm_ng/ccm.sh: {}
/nfs/cloud/server/ext_backup.sh: Applying configuration map...
/nfs/cloud/server/ext_backup.sh: {}
/nfs/cloud/server/ext_backup.py: Applying configuration map...
/nfs/cloud/server/ext_backup.py: {}
/nfs/cloud/server/ext_backup.sh: Applying configuration map...
/nfs/cloud/server/ext_backup.sh: {}
/nfs/repos/ccm_ng/ccm.sh: Applying configuration map...
/nfs/repos/ccm_ng/ccm.sh: {}
/nfs/cloud/server/ext_backup.sh: Applying configuration map...
/nfs/cloud/server/ext_backup.sh: {}
/usr/lib/python3.6/subprocess.py: Using EditorConfig core...
/usr/lib/python3.6/subprocess.py: {}
/nfs/cloud/dev/deepwater/deepwater/utils/file.py: Using EditorConfig core...
/nfs/cloud/dev/deepwater/deepwater/utils/file.py: {}
/nfs/cloud/scripts/ds: Using EditorConfig core...
/nfs/cloud/scripts/ds: {}
/nfs/cloud/server/ext_backup.sh: Applying configuration map...
/nfs/cloud/server/ext_backup.sh: {}
