Initializing document watcher...
Rebuilding config map...
/nfs/repos/ccm_ng/ccm.sh: Using EditorConfig core...
Detected change in configuration: {}
/nfs/repos/ccm_ng/ccm.sh: {}
/nfs/repos/ccm_ng/README.txt: Using EditorConfig core...
/nfs/repos/ccm_ng/README.txt: {}
/nfs/repos/ccm_ng/ccm.sh: Applying configuration map...
/nfs/repos/ccm_ng/ccm.sh: {}
/nfs/repos/ccm_ng/README.txt: Applying configuration map...
/nfs/repos/ccm_ng/README.txt: {}
Untitled-1.txt: Using EditorConfig core...
Untitled-1: {}
/nfs/cloud/dev/deepwater/deepwater/utils/file.py: Using EditorConfig core...
/nfs/cloud/dev/deepwater/deepwater/utils/file.py: {}
Untitled-1.py: Using EditorConfig core...
Untitled-1: {}
/nfs/cloud/dev/deepwater/deepwater/utils/file.py: Applying configuration map...
/nfs/cloud/dev/deepwater/deepwater/utils/file.py: {}
Untitled-1.py: Applying configuration map...
Untitled-1: {}
/nfs/cloud/dev/deepwater/deepwater/utils/file.py: Applying configuration map...
/nfs/cloud/dev/deepwater/deepwater/utils/file.py: {}
Untitled-1.py: Applying configuration map...
Untitled-1: {}
/nfs/cloud/dev/deepwater/deepwater/utils/file.py: Applying configuration map...
/nfs/cloud/dev/deepwater/deepwater/utils/file.py: {}
Untitled-1.py: Applying configuration map...
Untitled-1: {}
/usr/lib/python3.6/subprocess.py: Using EditorConfig core...
/usr/lib/python3.6/subprocess.py: {}
/nfs/cloud/dev/deepwater/deepwater/utils/file.py: Applying configuration map...
/nfs/cloud/dev/deepwater/deepwater/utils/file.py: {}
/nfs/cloud/scripts/ds: Using EditorConfig core...
/nfs/cloud/scripts/ds: {}
/nfs/cloud/scripts/ds: Applying configuration map...
/nfs/cloud/scripts/ds: {}
/nfs/cloud/dev/deepwater/deepwater/utils/file.py: Applying configuration map...
/nfs/cloud/dev/deepwater/deepwater/utils/file.py: {}
/usr/lib/python3.6/subprocess.py: Applying configuration map...
/usr/lib/python3.6/subprocess.py: {}
Untitled-1.py: Applying configuration map...
Untitled-1: {}
/usr/lib/python3.6/subprocess.py: Applying configuration map...
/usr/lib/python3.6/subprocess.py: {}
Untitled-1.py: Applying configuration map...
Untitled-1: {}
/usr/lib/python3.6/subprocess.py: Applying configuration map...
/usr/lib/python3.6/subprocess.py: {}
Untitled-1.py: Applying configuration map...
Untitled-1: {}
/nfs/cloud/server/ext_backup.py: No configuration found for pre-save.
/nfs/cloud/server/ext_backup.py: Using EditorConfig core...
/nfs/cloud/server/ext_backup.py: {}
/nfs/cloud/dev/deepwater/deepwater/utils/file.py: Applying configuration map...
/nfs/cloud/dev/deepwater/deepwater/utils/file.py: {}
/usr/lib/python3.6/subprocess.py: Applying configuration map...
/usr/lib/python3.6/subprocess.py: {}
/nfs/cloud/server/ext_backup.py: Applying configuration map...
/nfs/cloud/server/ext_backup.py: {}
/nfs/cloud/scripts/ds: Applying configuration map...
/nfs/cloud/scripts/ds: {}
Untitled-1.txt: Applying configuration map...
Untitled-1: {}
/nfs/cloud/server/ext_backup.sh: No configuration found for pre-save.
/nfs/cloud/server/ext_backup.sh: Using EditorConfig core...
/nfs/cloud/server/ext_backup.sh: {}
/nfs/cloud/server/ext_backup.py: Applying configuration map...
/nfs/cloud/server/ext_backup.py: {}
/nfs/cloud/server/ext_backup.sh: Applying configuration map...
/nfs/cloud/server/ext_backup.sh: {}
