[2018-03-14 14:10:27.785] [exthost1] [info] extension host started
[2018-03-14 14:10:27.808] [exthost1] [info] ExtensionService#_doActivateExtension vscode.emmet {"startup":true,"activationEvent":"*"}
[2018-03-14 14:10:27.808] [exthost1] [info] ExtensionService#loadCommonJSModule /opt/visual-studio-code/resources/app/extensions/emmet/out/extension
[2018-03-14 14:10:27.878] [exthost1] [info] ExtensionService#_doActivateExtension vscode.git {"startup":true,"activationEvent":"*"}
[2018-03-14 14:10:27.878] [exthost1] [info] ExtensionService#loadCommonJSModule /opt/visual-studio-code/resources/app/extensions/git/out/main
[2018-03-14 14:10:27.969] [exthost1] [info] ExtensionService#_doActivateExtension vscode.merge-conflict {"startup":true,"activationEvent":"*"}
[2018-03-14 14:10:27.969] [exthost1] [info] ExtensionService#loadCommonJSModule /opt/visual-studio-code/resources/app/extensions/merge-conflict/out/extension
[2018-03-14 14:10:27.989] [exthost1] [info] ExtensionService#_doActivateExtension EditorConfig.EditorConfig {"startup":true,"activationEvent":"*"}
[2018-03-14 14:10:27.989] [exthost1] [info] ExtensionService#loadCommonJSModule /home/baka/.vscode/extensions/EditorConfig.editorconfig-0.12.1/out/src/editorConfigMain
[2018-03-14 14:10:28.039] [exthost1] [info] ExtensionService#_doActivateExtension codingyu.laravel-goto-view {"startup":true,"activationEvent":"*"}
[2018-03-14 14:10:28.039] [exthost1] [info] ExtensionService#loadCommonJSModule /home/baka/.vscode/extensions/codingyu.laravel-goto-view-1.2.0/out/src/extension
[2018-03-14 14:10:28.043] [exthost1] [info] ExtensionService#_doActivateExtension robertohuertasm.vscode-icons {"startup":true,"activationEvent":"*"}
[2018-03-14 14:10:28.043] [exthost1] [info] ExtensionService#loadCommonJSModule /home/baka/.vscode/extensions/robertohuertasm.vscode-icons-7.21.0/out/src/
[2018-03-14 14:10:28.205] [exthost1] [info] eager extensions activated
[2018-03-14 14:10:28.205] [exthost1] [info] ExtensionService#_doActivateExtension vscode.configuration-editing {"startup":false,"activationEvent":"onLanguage:json"}
[2018-03-14 14:10:28.205] [exthost1] [info] ExtensionService#loadCommonJSModule /opt/visual-studio-code/resources/app/extensions/configuration-editing/out/extension
[2018-03-14 14:10:28.222] [exthost1] [info] ExtensionService#_doActivateExtension vscode.extension-editing {"startup":false,"activationEvent":"onLanguage:json"}
[2018-03-14 14:10:28.222] [exthost1] [info] ExtensionService#loadCommonJSModule /opt/visual-studio-code/resources/app/extensions/extension-editing/out/extension
[2018-03-14 14:10:28.241] [exthost1] [info] ExtensionService#_doActivateExtension vscode.javascript {"startup":false,"activationEvent":"onLanguage:json"}
[2018-03-14 14:10:28.241] [exthost1] [info] ExtensionService#loadCommonJSModule /opt/visual-studio-code/resources/app/extensions/javascript/out/javascriptMain
[2018-03-14 14:10:28.361] [exthost1] [info] ExtensionService#_doActivateExtension vscode.json {"startup":false,"activationEvent":"onLanguage:json"}
[2018-03-14 14:10:28.361] [exthost1] [info] ExtensionService#loadCommonJSModule /opt/visual-studio-code/resources/app/extensions/json/client/out/jsonMain
