2018-02-21T15:26:14 Checking update-file '/usr/share/apps/kconf_update/kio_help.upd' for new updates
2018-02-21T15:26:14 kio_help.upd: Found new update 'kde3_2'
2018-02-21T15:26:14 kio_help.upd: Running script 'move_kio_help_cache.sh'
2018-02-21T15:26:14 [Script] mv: cannot stat '/home/baka/.kde4/share/apps/kio_help/cache': No such file or directory
2018-02-21T15:26:14 [Script] rmdir: failed to remove '/home/baka/.kde4/share/apps/kio_help': No such file or directory
2018-02-21T15:26:14 Checking update-file '/usr/share/apps/kconf_update/ksslcertificatemanager.upd' for new updates
2018-02-21T15:26:14 ksslcertificatemanager.upd: Found new update 'kde4.2'
2018-02-21T15:26:14 ksslcertificatemanager.upd: Running script 'ksslcertificatemanager.upd.sh'
2018-02-21T15:26:14 [Script] rm: cannot remove '/home/baka/.kde4//share/config/ksslcertificatemanager': No such file or directory
2018-02-21T15:26:14 ksslcertificatemanager.upd: !! An error occurred while running 'sh /usr/share/apps/kconf_update/ksslcertificatemanager.upd.sh'
2018-02-21T15:26:14 Checking update-file '/usr/share/apps/kconf_update/kded.upd' for new updates
2018-02-21T15:26:14 kded.upd: Found new update 'kde3.0'
2018-02-21T15:26:14 kded.upd: File 'kdedrc' does not exist or empty, skipping
2018-02-21T15:26:14 Checking update-file '/usr/share/apps/kconf_update/kcookiescfg.upd' for new updates
2018-02-21T15:26:14 kcookiescfg.upd: Found new update 'kde2.2/b1'
2018-02-21T15:26:14 kcookiescfg.upd: File 'kcookiejarrc' does not exist or empty, skipping
2018-02-21T15:26:14 kcookiescfg.upd: Found new update 'kde3.1/cvs'
2018-02-21T15:26:14 kcookiescfg.upd: File 'kcookiejarrc' does not exist or empty, skipping
2018-02-21T15:26:14 kcookiescfg.upd: Found new update 'kde4.10/git'
2018-02-21T15:26:14 kcookiescfg.upd: File 'kcookiejarrc' does not exist or empty, skipping
2018-02-21T15:26:14 Checking update-file '/usr/share/apps/kconf_update/kioslave.upd' for new updates
2018-02-21T15:26:14 kioslave.upd: Found new update 'kde2.2/r1'
2018-02-21T15:26:14 kioslave.upd: File 'kioslaverc' does not exist or empty, skipping
2018-02-21T15:26:14 kioslave.upd: Skipping update 'kde2.2/r1'
2018-02-21T15:26:14 kioslave.upd: File 'kioslaverc' does not exist or empty, skipping
2018-02-21T15:26:14 kioslave.upd: Found new update 'kde2.2/r2'
2018-02-21T15:26:14 kioslave.upd: File 'kioslaverc' does not exist or empty, skipping
2018-02-21T15:26:14 kioslave.upd: Found new update 'kde2.2/r3'
2018-02-21T15:26:14 kioslave.upd: File 'kioslaverc' does not exist or empty, skipping
2018-03-15T12:31:56 Checking update-file '/usr/share/apps/kconf_update/kio_help.upd' for new updates
2018-03-15T12:31:56 Checking update-file '/usr/share/apps/kconf_update/ksslcertificatemanager.upd' for new updates
2018-03-15T12:31:56 Checking update-file '/usr/share/apps/kconf_update/kded.upd' for new updates
2018-03-15T12:31:56 Checking update-file '/usr/share/apps/kconf_update/kcookiescfg.upd' for new updates
2018-03-15T12:31:56 Checking update-file '/usr/share/apps/kconf_update/kioslave.upd' for new updates
2018-03-15T12:31:56 kioslave.upd: Found new update 'kde2.2/r1'
2018-03-15T12:31:56 kioslave.upd: Skipping update 'kde2.2/r1'
2018-03-15T12:31:56 kioslave.upd: File 'kioslaverc' does not exist or empty, skipping
