[2018-03-15 17:55:00.939] [exthost1] [info] extension host started
[2018-03-15 17:55:00.959] [exthost1] [info] ExtensionService#_doActivateExtension vscode.emmet {"startup":true,"activationEvent":"*"}
[2018-03-15 17:55:00.960] [exthost1] [info] ExtensionService#loadCommonJSModule /opt/visual-studio-code/resources/app/extensions/emmet/out/extension
[2018-03-15 17:55:01.014] [exthost1] [info] ExtensionService#_doActivateExtension vscode.git {"startup":true,"activationEvent":"*"}
[2018-03-15 17:55:01.014] [exthost1] [info] ExtensionService#loadCommonJSModule /opt/visual-studio-code/resources/app/extensions/git/out/main
[2018-03-15 17:55:01.077] [exthost1] [info] ExtensionService#_doActivateExtension vscode.merge-conflict {"startup":true,"activationEvent":"*"}
[2018-03-15 17:55:01.077] [exthost1] [info] ExtensionService#loadCommonJSModule /opt/visual-studio-code/resources/app/extensions/merge-conflict/out/extension
[2018-03-15 17:55:01.095] [exthost1] [info] ExtensionService#_doActivateExtension EditorConfig.EditorConfig {"startup":true,"activationEvent":"*"}
[2018-03-15 17:55:01.095] [exthost1] [info] ExtensionService#loadCommonJSModule /home/baka/.vscode/extensions/EditorConfig.editorconfig-0.12.1/out/src/editorConfigMain
[2018-03-15 17:55:01.127] [exthost1] [info] ExtensionService#_doActivateExtension codingyu.laravel-goto-view {"startup":true,"activationEvent":"*"}
[2018-03-15 17:55:01.127] [exthost1] [info] ExtensionService#loadCommonJSModule /home/baka/.vscode/extensions/codingyu.laravel-goto-view-1.2.0/out/src/extension
[2018-03-15 17:55:01.130] [exthost1] [info] ExtensionService#_doActivateExtension robertohuertasm.vscode-icons {"startup":true,"activationEvent":"*"}
[2018-03-15 17:55:01.130] [exthost1] [info] ExtensionService#loadCommonJSModule /home/baka/.vscode/extensions/robertohuertasm.vscode-icons-7.21.0/out/src/
[2018-03-15 17:55:01.215] [exthost1] [info] eager extensions activated
[2018-03-15 18:12:35.302] [exthost1] [info] ExtensionService#_doActivateExtension vscode.python {"startup":false,"activationEvent":"onLanguage:python"}
[2018-03-15 18:12:35.302] [exthost1] [info] ExtensionService#loadCommonJSModule /opt/visual-studio-code/resources/app/extensions/python/out/pythonMain
[2018-03-15 18:12:35.305] [exthost1] [info] ExtensionService#_doActivateExtension ms-python.python {"startup":false,"activationEvent":"onLanguage:python"}
[2018-03-15 18:12:35.305] [exthost1] [info] ExtensionService#loadCommonJSModule /home/baka/.vscode/extensions/ms-python.python-2018.2.1/out/client/extension
[2018-03-15 18:14:27.464] [exthost1] [info] ExtensionService#_doActivateExtension vscode.html {"startup":false,"activationEvent":"onLanguage:html"}
[2018-03-15 18:14:27.464] [exthost1] [info] ExtensionService#loadCommonJSModule /opt/visual-studio-code/resources/app/extensions/html/client/out/htmlMain
[2018-03-15 19:15:58.753] [exthost1] [info] extension host started
[2018-03-15 19:15:58.782] [exthost1] [info] ExtensionService#_doActivateExtension vscode.emmet {"startup":true,"activationEvent":"*"}
[2018-03-15 19:15:58.782] [exthost1] [info] ExtensionService#loadCommonJSModule /opt/visual-studio-code/resources/app/extensions/emmet/out/extension
[2018-03-15 19:15:58.830] [exthost1] [info] ExtensionService#_doActivateExtension vscode.git {"startup":true,"activationEvent":"*"}
[2018-03-15 19:15:58.830] [exthost1] [info] ExtensionService#loadCommonJSModule /opt/visual-studio-code/resources/app/extensions/git/out/main
[2018-03-15 19:15:58.892] [exthost1] [info] ExtensionService#_doActivateExtension vscode.merge-conflict {"startup":true,"activationEvent":"*"}
[2018-03-15 19:15:58.892] [exthost1] [info] ExtensionService#loadCommonJSModule /opt/visual-studio-code/resources/app/extensions/merge-conflict/out/extension
[2018-03-15 19:15:58.901] [exthost1] [info] ExtensionService#_doActivateExtension EditorConfig.EditorConfig {"startup":true,"activationEvent":"*"}
[2018-03-15 19:15:58.901] [exthost1] [info] ExtensionService#loadCommonJSModule /home/baka/.vscode/extensions/EditorConfig.editorconfig-0.12.1/out/src/editorConfigMain
[2018-03-15 19:15:58.926] [exthost1] [info] ExtensionService#_doActivateExtension codingyu.laravel-goto-view {"startup":true,"activationEvent":"*"}
[2018-03-15 19:15:58.926] [exthost1] [info] ExtensionService#loadCommonJSModule /home/baka/.vscode/extensions/codingyu.laravel-goto-view-1.2.0/out/src/extension
[2018-03-15 19:15:58.929] [exthost1] [info] ExtensionService#_doActivateExtension robertohuertasm.vscode-icons {"startup":true,"activationEvent":"*"}
[2018-03-15 19:15:58.929] [exthost1] [info] ExtensionService#loadCommonJSModule /home/baka/.vscode/extensions/robertohuertasm.vscode-icons-7.21.0/out/src/
[2018-03-15 19:15:59.001] [exthost1] [info] eager extensions activated
[2018-03-15 19:15:59.001] [exthost1] [info] ExtensionService#_doActivateExtension vscode.python {"startup":false,"activationEvent":"onLanguage:python"}
[2018-03-15 19:15:59.001] [exthost1] [info] ExtensionService#loadCommonJSModule /opt/visual-studio-code/resources/app/extensions/python/out/pythonMain
[2018-03-15 19:15:59.002] [exthost1] [info] ExtensionService#_doActivateExtension ms-python.python {"startup":false,"activationEvent":"onLanguage:python"}
[2018-03-15 19:15:59.002] [exthost1] [info] ExtensionService#loadCommonJSModule /home/baka/.vscode/extensions/ms-python.python-2018.2.1/out/client/extension
[2018-03-15 19:16:02.768] [exthost1] [info] ExtensionService#_doActivateExtension formulahendry.code-runner {"startup":false,"activationEvent":"onCommand:code-runner.run"}
[2018-03-15 19:16:02.768] [exthost1] [info] ExtensionService#loadCommonJSModule /home/baka/.vscode/extensions/formulahendry.code-runner-0.9.2/out/src/extension
