[2018-03-15 18:13:01.868] [renderer1] [error] Bad argument: TypeError: Bad argument
	at ChildProcess.spawn (internal/child_process.js:294:26)
	at Object.exports.spawn (child_process.js:390:9)
	at ProcessService.exec (/home/baka/dotfiles/vscode/.vscode/extensions/ms-python.python-2018.2.1/out/client/common/process/proc.js:88:38)
	at ShebangCodeLensProvider.<anonymous> (/home/baka/dotfiles/vscode/.vscode/extensions/ms-python.python-2018.2.1/out/client/interpreter/display/shebangCodeLensProvider.js:63:40)
	at Generator.next (<anonymous>)
	at /home/baka/dotfiles/vscode/.vscode/extensions/ms-python.python-2018.2.1/out/client/interpreter/display/shebangCodeLensProvider.js:16:71
	at Promise (<anonymous>)
	at __awaiter (/home/baka/dotfiles/vscode/.vscode/extensions/ms-python.python-2018.2.1/out/client/interpreter/display/shebangCodeLensProvider.js:12:12)
	at ShebangCodeLensProvider.getFullyQualifiedPathToInterpreter (/home/baka/dotfiles/vscode/.vscode/extensions/ms-python.python-2018.2.1/out/client/interpreter/display/shebangCodeLensProvider.js:54:16)
	at ShebangCodeLensProvider.<anonymous> (/home/baka/dotfiles/vscode/.vscode/extensions/ms-python.python-2018.2.1/out/client/interpreter/display/shebangCodeLensProvider.js:43:43)
[2018-03-15 18:13:03.308] [renderer1] [error] spawn EACCES: Error: spawn EACCES
	at exports._errnoException (util.js:1050:11)
	at ChildProcess.spawn (internal/child_process.js:319:11)
	at Object.exports.spawn (child_process.js:390:9)
	at ProcessService.exec (/home/baka/dotfiles/vscode/.vscode/extensions/ms-python.python-2018.2.1/out/client/common/process/proc.js:88:38)
	at ShebangCodeLensProvider.<anonymous> (/home/baka/dotfiles/vscode/.vscode/extensions/ms-python.python-2018.2.1/out/client/interpreter/display/shebangCodeLensProvider.js:63:40)
	at Generator.next (<anonymous>)
	at /home/baka/dotfiles/vscode/.vscode/extensions/ms-python.python-2018.2.1/out/client/interpreter/display/shebangCodeLensProvider.js:16:71
	at Promise (<anonymous>)
	at __awaiter (/home/baka/dotfiles/vscode/.vscode/extensions/ms-python.python-2018.2.1/out/client/interpreter/display/shebangCodeLensProvider.js:12:12)
	at ShebangCodeLensProvider.getFullyQualifiedPathToInterpreter (/home/baka/dotfiles/vscode/.vscode/extensions/ms-python.python-2018.2.1/out/client/interpreter/display/shebangCodeLensProvider.js:54:16)
[2018-03-15 18:13:04.581] [renderer1] [error] spawn EACCES: Error: spawn EACCES
	at exports._errnoException (util.js:1050:11)
	at ChildProcess.spawn (internal/child_process.js:319:11)
	at Object.exports.spawn (child_process.js:390:9)
	at ProcessService.exec (/home/baka/dotfiles/vscode/.vscode/extensions/ms-python.python-2018.2.1/out/client/common/process/proc.js:88:38)
	at ShebangCodeLensProvider.<anonymous> (/home/baka/dotfiles/vscode/.vscode/extensions/ms-python.python-2018.2.1/out/client/interpreter/display/shebangCodeLensProvider.js:63:40)
	at Generator.next (<anonymous>)
	at /home/baka/dotfiles/vscode/.vscode/extensions/ms-python.python-2018.2.1/out/client/interpreter/display/shebangCodeLensProvider.js:16:71
	at Promise (<anonymous>)
	at __awaiter (/home/baka/dotfiles/vscode/.vscode/extensions/ms-python.python-2018.2.1/out/client/interpreter/display/shebangCodeLensProvider.js:12:12)
	at ShebangCodeLensProvider.getFullyQualifiedPathToInterpreter (/home/baka/dotfiles/vscode/.vscode/extensions/ms-python.python-2018.2.1/out/client/interpreter/display/shebangCodeLensProvider.js:54:16)
[2018-03-15 18:48:01.792] [renderer1] [error] Die Datei wurde nicht gefunden (file:///home/baka/dotfiles/vscode/.vscode/extensions/ms-python.python-2018.2.1/pythonFiles/Untitled-1).: Error: Die Datei wurde nicht gefunden (file:///home/baka/dotfiles/vscode/.vscode/extensions/ms-python.python-2018.2.1/pythonFiles/Untitled-1).
    at new t (file:///opt/visual-studio-code/resources/app/out/vs/workbench/workbench.main.js:1258:989)
    at file:///opt/visual-studio-code/resources/app/out/vs/workbench/workbench.main.js:2785:867
    at Object.v [as _notify] (file:///opt/visual-studio-code/resources/app/out/vs/workbench/workbench.main.js:141:427)
    at Object.enter (file:///opt/visual-studio-code/resources/app/out/vs/workbench/workbench.main.js:144:660)
    at n.Class.derive._oncancel._run (file:///opt/visual-studio-code/resources/app/out/vs/workbench/workbench.main.js:145:970)
    at n.Class.derive._oncancel._error (file:///opt/visual-studio-code/resources/app/out/vs/workbench/workbench.main.js:145:487)
    at file:///opt/visual-studio-code/resources/app/out/vs/workbench/workbench.main.js:186:173
    at /opt/visual-studio-code/resources/app/node_modules/graceful-fs/polyfills.js:284:29
    at FSReqWrap.oncomplete (original-fs.js:114:15)
[2018-03-15 18:48:03.928] [renderer1] [error] Die Datei wurde nicht gefunden (file:///home/baka/dotfiles/vscode/.vscode/extensions/ms-python.python-2018.2.1/pythonFiles/Untitled-1).: Error: Die Datei wurde nicht gefunden (file:///home/baka/dotfiles/vscode/.vscode/extensions/ms-python.python-2018.2.1/pythonFiles/Untitled-1).
    at new t (file:///opt/visual-studio-code/resources/app/out/vs/workbench/workbench.main.js:1258:989)
    at file:///opt/visual-studio-code/resources/app/out/vs/workbench/workbench.main.js:2785:867
    at Object.v [as _notify] (file:///opt/visual-studio-code/resources/app/out/vs/workbench/workbench.main.js:141:427)
    at Object.enter (file:///opt/visual-studio-code/resources/app/out/vs/workbench/workbench.main.js:144:660)
    at n.Class.derive._oncancel._run (file:///opt/visual-studio-code/resources/app/out/vs/workbench/workbench.main.js:145:970)
    at n.Class.derive._oncancel._error (file:///opt/visual-studio-code/resources/app/out/vs/workbench/workbench.main.js:145:487)
    at file:///opt/visual-studio-code/resources/app/out/vs/workbench/workbench.main.js:186:173
    at /opt/visual-studio-code/resources/app/node_modules/graceful-fs/polyfills.js:284:29
    at FSReqWrap.oncomplete (original-fs.js:114:15)
[2018-03-15 18:50:09.092] [renderer1] [error] Die Datei wurde nicht gefunden (file:///home/baka/dotfiles/vscode/.vscode/extensions/ms-python.python-2018.2.1/pythonFiles/Untitled-1).: Error: Die Datei wurde nicht gefunden (file:///home/baka/dotfiles/vscode/.vscode/extensions/ms-python.python-2018.2.1/pythonFiles/Untitled-1).
    at new t (file:///opt/visual-studio-code/resources/app/out/vs/workbench/workbench.main.js:1258:989)
    at file:///opt/visual-studio-code/resources/app/out/vs/workbench/workbench.main.js:2785:867
    at Object.v [as _notify] (file:///opt/visual-studio-code/resources/app/out/vs/workbench/workbench.main.js:141:427)
    at Object.enter (file:///opt/visual-studio-code/resources/app/out/vs/workbench/workbench.main.js:144:660)
    at n.Class.derive._oncancel._run (file:///opt/visual-studio-code/resources/app/out/vs/workbench/workbench.main.js:145:970)
    at n.Class.derive._oncancel._error (file:///opt/visual-studio-code/resources/app/out/vs/workbench/workbench.main.js:145:487)
    at file:///opt/visual-studio-code/resources/app/out/vs/workbench/workbench.main.js:186:173
    at /opt/visual-studio-code/resources/app/node_modules/graceful-fs/polyfills.js:284:29
    at FSReqWrap.oncomplete (original-fs.js:114:15)
[2018-03-15 19:01:13.919] [renderer1] [error] Die Datei wurde nicht gefunden (file:///home/baka/dotfiles/vscode/.vscode/extensions/ms-python.python-2018.2.1/pythonFiles/Untitled-1).: Error: Die Datei wurde nicht gefunden (file:///home/baka/dotfiles/vscode/.vscode/extensions/ms-python.python-2018.2.1/pythonFiles/Untitled-1).
    at new t (file:///opt/visual-studio-code/resources/app/out/vs/workbench/workbench.main.js:1258:989)
    at file:///opt/visual-studio-code/resources/app/out/vs/workbench/workbench.main.js:2785:867
    at Object.v [as _notify] (file:///opt/visual-studio-code/resources/app/out/vs/workbench/workbench.main.js:141:427)
    at Object.enter (file:///opt/visual-studio-code/resources/app/out/vs/workbench/workbench.main.js:144:660)
    at n.Class.derive._oncancel._run (file:///opt/visual-studio-code/resources/app/out/vs/workbench/workbench.main.js:145:970)
    at n.Class.derive._oncancel._error (file:///opt/visual-studio-code/resources/app/out/vs/workbench/workbench.main.js:145:487)
    at file:///opt/visual-studio-code/resources/app/out/vs/workbench/workbench.main.js:186:173
    at /opt/visual-studio-code/resources/app/node_modules/graceful-fs/polyfills.js:284:29
    at FSReqWrap.oncomplete (original-fs.js:114:15)
[2018-03-15 19:08:55.812] [renderer1] [error] SplitLinesCollection: attempt to access a 'newer' model: Error: SplitLinesCollection: attempt to access a 'newer' model
    at e._ensureValidState (file:///opt/visual-studio-code/resources/app/out/vs/workbench/workbench.main.js:1097:726)
    at e.convertModelPositionToViewPosition (file:///opt/visual-studio-code/resources/app/out/vs/workbench/workbench.main.js:1106:246)
    at e.convertModelPositionToViewPosition (file:///opt/visual-studio-code/resources/app/out/vs/workbench/workbench.main.js:1096:706)
    at e._setPosition (file:///opt/visual-studio-code/resources/app/out/vs/workbench/workbench.main.js:704:656)
    at e.setPosition (file:///opt/visual-studio-code/resources/app/out/vs/workbench/workbench.main.js:704:911)
    at t.setWidgetPosition (file:///opt/visual-studio-code/resources/app/out/vs/workbench/workbench.main.js:701:1004)
    at t.layoutContentWidget (file:///opt/visual-studio-code/resources/app/out/vs/workbench/workbench.main.js:1784:103)
    at t.layoutContentWidget (file:///opt/visual-studio-code/resources/app/out/vs/workbench/workbench.main.js:1787:996)
    at e.update (file:///opt/visual-studio-code/resources/app/out/vs/workbench/workbench.main.js:1867:611)
    at file:///opt/visual-studio-code/resources/app/out/vs/workbench/workbench.main.js:1870:634
