[2018-03-15 17:54:59.470] [sharedprocess] [info] main {"machineId":"2c39b8d152e0ac0804ae8ea8d5678ea0661509cfce8cc174222771333e25c106"}
[2018-03-15 17:54:59.547] [sharedprocess] [info] Scanned user extensions: 26
[2018-03-15 17:54:59.565] [sharedprocess] [info] Scanned system extensions: 65
[2018-03-15 17:55:00.251] [sharedprocess] [info] Scanned user extensions: 26
[2018-03-15 17:55:00.252] [sharedprocess] [info] Scanned user extensions: 26
[2018-03-15 17:55:00.264] [sharedprocess] [info] Scanned system extensions: 65
[2018-03-15 17:55:03.375] [sharedprocess] [info] Scanned user extensions: 26
[2018-03-15 18:00:03.412] [sharedprocess] [info] Scanned user extensions: 26
[2018-03-15 18:05:03.631] [sharedprocess] [info] Scanned user extensions: 26
[2018-03-15 18:10:03.658] [sharedprocess] [info] Scanned user extensions: 26
[2018-03-15 18:13:51.283] [sharedprocess] [info] Scanned user extensions: 26
[2018-03-15 18:15:03.729] [sharedprocess] [info] Scanned user extensions: 26
[2018-03-15 18:20:03.762] [sharedprocess] [info] Scanned user extensions: 26
[2018-03-15 18:23:36.471] [sharedprocess] [info] Scanned user extensions: 26
[2018-03-15 18:23:36.872] [sharedprocess] [info] Scanned user extensions: 26
[2018-03-15 18:25:03.826] [sharedprocess] [info] Scanned user extensions: 26
[2018-03-15 18:30:03.866] [sharedprocess] [info] Scanned user extensions: 26
[2018-03-15 18:35:03.923] [sharedprocess] [info] Scanned user extensions: 26
[2018-03-15 18:40:03.960] [sharedprocess] [info] Scanned user extensions: 26
[2018-03-15 18:44:53.464] [sharedprocess] [info] Scanned user extensions: 26
[2018-03-15 18:44:53.956] [sharedprocess] [info] Scanned user extensions: 26
[2018-03-15 18:45:04.020] [sharedprocess] [info] Scanned user extensions: 26
[2018-03-15 18:50:04.077] [sharedprocess] [info] Scanned user extensions: 26
[2018-03-15 18:55:04.112] [sharedprocess] [info] Scanned user extensions: 26
[2018-03-15 19:00:04.171] [sharedprocess] [info] Scanned user extensions: 26
[2018-03-15 19:01:40.199] [sharedprocess] [info] Scanned user extensions: 26
[2018-03-15 19:05:04.420] [sharedprocess] [info] Scanned user extensions: 26
[2018-03-15 19:10:04.477] [sharedprocess] [info] Scanned user extensions: 26
[2018-03-15 19:14:57.385] [sharedprocess] [info] Scanned user extensions: 26
[2018-03-15 19:14:57.389] [sharedprocess] [info] Scanned user extensions: 26
[2018-03-15 19:14:57.390] [sharedprocess] [info] Scanned user extensions: 26
[2018-03-15 19:14:57.426] [sharedprocess] [info] Scanned system extensions: 65
[2018-03-15 19:14:57.433] [sharedprocess] [info] Scanned system extensions: 65
[2018-03-15 19:15:04.570] [sharedprocess] [info] Scanned user extensions: 26
[2018-03-15 19:15:53.259] [sharedprocess] [info] Installing extension: code-runner
[2018-03-15 19:15:54.172] [sharedprocess] [info] Downloaded extension: code-runner
[2018-03-15 19:15:54.333] [sharedprocess] [info] Extracted extension to /home/baka/.vscode/extensions/formulahendry.code-runner-0.9.2: formulahendry.code-runner-0.9.2
[2018-03-15 19:15:54.349] [sharedprocess] [info] Updated metadata of the extension: formulahendry.code-runner-0.9.2
[2018-03-15 19:15:54.349] [sharedprocess] [info] Extensions installed successfully: formulahendry.code-runner
[2018-03-15 19:15:54.488] [sharedprocess] [info] Scanned user extensions: 27
[2018-03-15 19:15:54.504] [sharedprocess] [info] Scanned system extensions: 65
[2018-03-15 19:15:57.879] [sharedprocess] [info] Scanned user extensions: 27
[2018-03-15 19:15:57.883] [sharedprocess] [info] Scanned user extensions: 27
[2018-03-15 19:15:57.888] [sharedprocess] [info] Scanned user extensions: 27
[2018-03-15 19:15:57.891] [sharedprocess] [info] Scanned user extensions: 27
[2018-03-15 19:15:57.892] [sharedprocess] [info] Scanned user extensions: 27
[2018-03-15 19:15:57.953] [sharedprocess] [info] Scanned user extensions: 27
[2018-03-15 19:15:57.957] [sharedprocess] [info] Scanned system extensions: 65
[2018-03-15 19:15:57.963] [sharedprocess] [info] Scanned system extensions: 65
[2018-03-15 19:15:57.968] [sharedprocess] [info] Scanned system extensions: 65
[2018-03-15 19:16:01.031] [sharedprocess] [info] Scanned user extensions: 27
[2018-03-15 19:21:01.090] [sharedprocess] [info] Scanned user extensions: 27
[2018-03-15 19:26:01.140] [sharedprocess] [info] Scanned user extensions: 27
[2018-03-15 19:31:01.178] [sharedprocess] [info] Scanned user extensions: 27
[2018-03-15 19:36:01.238] [sharedprocess] [info] Scanned user extensions: 27
[2018-03-15 19:41:01.278] [sharedprocess] [info] Scanned user extensions: 27
[2018-03-15 19:46:01.342] [sharedprocess] [info] Scanned user extensions: 27
[2018-03-15 19:51:01.400] [sharedprocess] [info] Scanned user extensions: 27
[2018-03-15 19:56:01.460] [sharedprocess] [info] Scanned user extensions: 27
[2018-03-15 20:01:01.519] [sharedprocess] [info] Scanned user extensions: 27
[2018-03-15 20:06:01.773] [sharedprocess] [info] Scanned user extensions: 27
[2018-03-15 20:11:01.839] [sharedprocess] [info] Scanned user extensions: 27
[2018-03-15 20:16:01.878] [sharedprocess] [info] Scanned user extensions: 27
[2018-03-15 20:17:16.796] [sharedprocess] [info] Scanned user extensions: 27
[2018-03-15 20:17:18.200] [sharedprocess] [info] Scanned user extensions: 27
[2018-03-15 20:21:01.915] [sharedprocess] [info] Scanned user extensions: 27
[2018-03-15 20:26:01.943] [sharedprocess] [info] Scanned user extensions: 27
[2018-03-15 20:31:01.972] [sharedprocess] [info] Scanned user extensions: 27
[2018-03-15 20:36:02.002] [sharedprocess] [info] Scanned user extensions: 27
[2018-03-15 20:41:02.032] [sharedprocess] [info] Scanned user extensions: 27
