[2018-03-12 10:01:10.516] [exthost1] [info] extension host started
[2018-03-12 10:01:10.540] [exthost1] [info] ExtensionService#_doActivateExtension vscode.emmet {"startup":true,"activationEvent":"*"}
[2018-03-12 10:01:10.540] [exthost1] [info] ExtensionService#loadCommonJSModule /opt/visual-studio-code/resources/app/extensions/emmet/out/extension
[2018-03-12 10:01:10.592] [exthost1] [info] ExtensionService#_doActivateExtension vscode.git {"startup":true,"activationEvent":"*"}
[2018-03-12 10:01:10.592] [exthost1] [info] ExtensionService#loadCommonJSModule /opt/visual-studio-code/resources/app/extensions/git/out/main
[2018-03-12 10:01:10.673] [exthost1] [info] ExtensionService#_doActivateExtension vscode.merge-conflict {"startup":true,"activationEvent":"*"}
[2018-03-12 10:01:10.673] [exthost1] [info] ExtensionService#loadCommonJSModule /opt/visual-studio-code/resources/app/extensions/merge-conflict/out/extension
[2018-03-12 10:01:10.687] [exthost1] [info] ExtensionService#_doActivateExtension EditorConfig.EditorConfig {"startup":true,"activationEvent":"*"}
[2018-03-12 10:01:10.687] [exthost1] [info] ExtensionService#loadCommonJSModule /home/baka/.vscode/extensions/EditorConfig.editorconfig-0.12.1/out/src/editorConfigMain
[2018-03-12 10:01:10.724] [exthost1] [info] ExtensionService#_doActivateExtension codingyu.laravel-goto-view {"startup":true,"activationEvent":"*"}
[2018-03-12 10:01:10.724] [exthost1] [info] ExtensionService#loadCommonJSModule /home/baka/.vscode/extensions/codingyu.laravel-goto-view-1.2.0/out/src/extension
[2018-03-12 10:01:10.728] [exthost1] [info] ExtensionService#_doActivateExtension robertohuertasm.vscode-icons {"startup":true,"activationEvent":"*"}
[2018-03-12 10:01:10.728] [exthost1] [info] ExtensionService#loadCommonJSModule /home/baka/.vscode/extensions/robertohuertasm.vscode-icons-7.20.0/out/src/
[2018-03-12 10:01:10.817] [exthost1] [info] eager extensions activated
[2018-03-12 10:16:29.320] [exthost1] [info] ExtensionService#_doActivateExtension vscode.javascript {"startup":false,"activationEvent":"onLanguage:javascript"}
[2018-03-12 10:16:29.320] [exthost1] [info] ExtensionService#loadCommonJSModule /opt/visual-studio-code/resources/app/extensions/javascript/out/javascriptMain
[2018-03-12 10:16:29.379] [exthost1] [info] ExtensionService#_doActivateExtension vscode.typescript {"startup":false,"activationEvent":"onLanguage:javascript"}
[2018-03-12 10:16:29.379] [exthost1] [info] ExtensionService#loadCommonJSModule /opt/visual-studio-code/resources/app/extensions/typescript/out/extension
[2018-03-12 10:16:29.456] [exthost1] [info] ExtensionService#_doActivateExtension vscode.configuration-editing {"startup":false,"activationEvent":"onLanguage:json"}
[2018-03-12 10:16:29.456] [exthost1] [info] ExtensionService#loadCommonJSModule /opt/visual-studio-code/resources/app/extensions/configuration-editing/out/extension
[2018-03-12 10:16:29.465] [exthost1] [info] ExtensionService#_doActivateExtension vscode.extension-editing {"startup":false,"activationEvent":"onLanguage:json"}
[2018-03-12 10:16:29.465] [exthost1] [info] ExtensionService#loadCommonJSModule /opt/visual-studio-code/resources/app/extensions/extension-editing/out/extension
[2018-03-12 10:16:29.479] [exthost1] [info] ExtensionService#_doActivateExtension vscode.json {"startup":false,"activationEvent":"onLanguage:json"}
[2018-03-12 10:16:29.479] [exthost1] [info] ExtensionService#loadCommonJSModule /opt/visual-studio-code/resources/app/extensions/json/client/out/jsonMain
[2018-03-12 10:16:29.566] [exthost1] [info] ExtensionService#_doActivateExtension vscode.html {"startup":false,"activationEvent":"onLanguage:html"}
[2018-03-12 10:16:29.566] [exthost1] [info] ExtensionService#loadCommonJSModule /opt/visual-studio-code/resources/app/extensions/html/client/out/htmlMain
