[2018-03-12 10:01:09.235] [sharedprocess] [info] main {"machineId":"2c39b8d152e0ac0804ae8ea8d5678ea0661509cfce8cc174222771333e25c106"}
[2018-03-12 10:01:09.438] [sharedprocess] [info] Scanned user extensions: 26
[2018-03-12 10:01:09.580] [sharedprocess] [info] Scanned system extensions: 65
[2018-03-12 10:01:10.101] [sharedprocess] [info] Scanned user extensions: 26
[2018-03-12 10:01:10.102] [sharedprocess] [info] Scanned user extensions: 26
[2018-03-12 10:01:10.116] [sharedprocess] [info] Scanned system extensions: 65
[2018-03-12 10:01:11.735] [sharedprocess] [info] Installing extension: python
[2018-03-12 10:01:11.741] [sharedprocess] [info] Installing extension: vscode-icons
[2018-03-12 10:01:11.741] [sharedprocess] [info] Installing extension: vscode-java-test
[2018-03-12 10:01:11.763] [sharedprocess] [info] Scanned user extensions: 26
[2018-03-12 10:01:11.770] [sharedprocess] [info] Scanned system extensions: 65
[2018-03-12 10:01:13.164] [sharedprocess] [info] Scanned user extensions: 26
[2018-03-12 10:01:13.826] [sharedprocess] [info] Downloaded extension: vscode-icons
[2018-03-12 10:01:14.679] [sharedprocess] [info] Extracted extension to /home/baka/.vscode/extensions/robertohuertasm.vscode-icons-7.21.0: robertohuertasm.vscode-icons-7.21.0
[2018-03-12 10:01:14.704] [sharedprocess] [info] Updated metadata of the extension: robertohuertasm.vscode-icons-7.21.0
[2018-03-12 10:01:14.704] [sharedprocess] [info] Extensions installed successfully: robertohuertasm.vscode-icons
[2018-03-12 10:01:14.902] [sharedprocess] [info] Scanned user extensions: 26
[2018-03-12 10:01:14.910] [sharedprocess] [info] Scanned system extensions: 65
[2018-03-12 10:01:15.447] [sharedprocess] [info] Downloaded extension: python
[2018-03-12 10:01:15.958] [sharedprocess] [info] Downloaded extension: vscode-java-test
[2018-03-12 10:01:18.317] [sharedprocess] [info] Extracted extension to /home/baka/.vscode/extensions/ms-python.python-2018.2.1: ms-python.python-2018.2.1
[2018-03-12 10:01:18.347] [sharedprocess] [info] Updated metadata of the extension: ms-python.python-2018.2.1
[2018-03-12 10:01:18.347] [sharedprocess] [info] Extensions installed successfully: ms-python.python
[2018-03-12 10:01:18.473] [sharedprocess] [info] Scanned user extensions: 26
[2018-03-12 10:01:18.482] [sharedprocess] [info] Scanned system extensions: 65
[2018-03-12 10:01:18.951] [sharedprocess] [info] Extracted extension to /home/baka/.vscode/extensions/vscjava.vscode-java-test-0.4.0: vscjava.vscode-java-test-0.4.0
[2018-03-12 10:01:18.978] [sharedprocess] [info] Updated metadata of the extension: vscjava.vscode-java-test-0.4.0
[2018-03-12 10:01:18.978] [sharedprocess] [info] Extensions installed successfully: vscjava.vscode-java-test
[2018-03-12 10:01:19.136] [sharedprocess] [info] Scanned user extensions: 26
[2018-03-12 10:01:19.142] [sharedprocess] [info] Scanned system extensions: 65
[2018-03-12 10:06:13.195] [sharedprocess] [info] Scanned user extensions: 26
[2018-03-12 10:11:13.227] [sharedprocess] [info] Scanned user extensions: 26
[2018-03-12 10:16:13.260] [sharedprocess] [info] Scanned user extensions: 26
[2018-03-12 10:21:13.323] [sharedprocess] [info] Scanned user extensions: 26
[2018-03-12 10:26:13.365] [sharedprocess] [info] Scanned user extensions: 26
[2018-03-12 10:31:13.428] [sharedprocess] [info] Scanned user extensions: 26
[2018-03-12 10:36:13.465] [sharedprocess] [info] Scanned user extensions: 26
[2018-03-12 10:41:13.526] [sharedprocess] [info] Scanned user extensions: 26
[2018-03-12 10:46:13.563] [sharedprocess] [info] Scanned user extensions: 26
[2018-03-12 10:51:13.621] [sharedprocess] [info] Scanned user extensions: 26
[2018-03-12 10:56:13.688] [sharedprocess] [info] Scanned user extensions: 26
[2018-03-12 11:01:13.929] [sharedprocess] [info] Scanned user extensions: 26
[2018-03-12 11:06:13.993] [sharedprocess] [info] Scanned user extensions: 26
[2018-03-12 11:11:14.028] [sharedprocess] [info] Scanned user extensions: 26
[2018-03-12 11:16:14.088] [sharedprocess] [info] Scanned user extensions: 26
[2018-03-12 11:21:14.127] [sharedprocess] [info] Scanned user extensions: 26
[2018-03-12 11:26:14.159] [sharedprocess] [info] Scanned user extensions: 26
[2018-03-12 11:31:14.213] [sharedprocess] [info] Scanned user extensions: 26
[2018-03-12 11:36:14.245] [sharedprocess] [info] Scanned user extensions: 26
[2018-03-12 11:41:14.273] [sharedprocess] [info] Scanned user extensions: 26
[2018-03-12 11:46:14.337] [sharedprocess] [info] Scanned user extensions: 26
[2018-03-12 11:51:14.376] [sharedprocess] [info] Scanned user extensions: 26
[2018-03-12 11:56:14.407] [sharedprocess] [info] Scanned user extensions: 26
[2018-03-12 12:01:14.662] [sharedprocess] [info] Scanned user extensions: 26
[2018-03-12 12:06:14.718] [sharedprocess] [info] Scanned user extensions: 26
[2018-03-12 12:11:14.752] [sharedprocess] [info] Scanned user extensions: 26
[2018-03-12 12:16:14.785] [sharedprocess] [info] Scanned user extensions: 26
[2018-03-12 12:21:14.841] [sharedprocess] [info] Scanned user extensions: 26
[2018-03-12 12:26:14.899] [sharedprocess] [info] Scanned user extensions: 26
[2018-03-12 12:31:14.935] [sharedprocess] [info] Scanned user extensions: 26
[2018-03-12 12:36:15.002] [sharedprocess] [info] Scanned user extensions: 26
[2018-03-12 12:41:15.034] [sharedprocess] [info] Scanned user extensions: 26
[2018-03-12 12:46:15.095] [sharedprocess] [info] Scanned user extensions: 26
[2018-03-12 12:51:15.142] [sharedprocess] [info] Scanned user extensions: 26
[2018-03-12 12:56:15.174] [sharedprocess] [info] Scanned user extensions: 26
[2018-03-12 13:01:15.415] [sharedprocess] [info] Scanned user extensions: 26
[2018-03-12 13:06:15.456] [sharedprocess] [info] Scanned user extensions: 26
[2018-03-12 13:11:15.484] [sharedprocess] [info] Scanned user extensions: 26
[2018-03-12 13:16:15.543] [sharedprocess] [info] Scanned user extensions: 26
[2018-03-12 13:21:15.576] [sharedprocess] [info] Scanned user extensions: 26
[2018-03-12 13:26:15.621] [sharedprocess] [info] Scanned user extensions: 26
[2018-03-12 13:31:15.664] [sharedprocess] [info] Scanned user extensions: 26
[2018-03-12 13:36:15.723] [sharedprocess] [info] Scanned user extensions: 26
[2018-03-12 13:41:15.785] [sharedprocess] [info] Scanned user extensions: 26
[2018-03-12 13:46:15.849] [sharedprocess] [info] Scanned user extensions: 26
[2018-03-12 13:51:15.912] [sharedprocess] [info] Scanned user extensions: 26
[2018-03-12 13:56:15.980] [sharedprocess] [info] Scanned user extensions: 26
[2018-03-12 14:01:16.225] [sharedprocess] [info] Scanned user extensions: 26
